============================= test session starts =============================
platform win32 -- Python 3.14.0, pytest-9.0.2, pluggy-1.6.0
rootdir: C:\Users\galan\metrics
plugins: anyio-4.12.1, asyncio-1.3.0
asyncio: mode=Mode.STRICT, debug=False, asyncio_default_fixture_loop_scope=None, asyncio_default_test_loop_scope=function
collected 89 items / 3 errors

=================================== ERRORS ====================================
____________________ ERROR collecting test_api_output.txt _____________________
C:\Python314\Lib\pathlib\__init__.py:793: in read_text
    return f.read()
           ^^^^^^^^
<frozen codecs>:325: in decode
    ???
E   UnicodeDecodeError: 'utf-8' codec can't decode byte 0xff in position 0: invalid start byte
___________________ ERROR collecting tests/test_output.txt ____________________
C:\Python314\Lib\pathlib\__init__.py:793: in read_text
    return f.read()
           ^^^^^^^^
<frozen codecs>:325: in decode
    ???
E   UnicodeDecodeError: 'utf-8' codec can't decode byte 0xff in position 0: invalid start byte
________________ ERROR collecting tests/test_output_trace.txt _________________
C:\Python314\Lib\pathlib\__init__.py:793: in read_text
    return f.read()
           ^^^^^^^^
<frozen codecs>:325: in decode
    ???
E   UnicodeDecodeError: 'utf-8' codec can't decode byte 0xff in position 0: invalid start byte
============================== warnings summary ===============================
<string>:5
<string>:5
<string>:5
<string>:5
<string>:5
<string>:5
<string>:5
  <string>:5: DeprecationWarning: datetime.datetime.utcnow() is deprecated and scheduled for removal in a future version. Use timezone-aware objects to represent datetimes in UTC: datetime.datetime.now(datetime.UTC).

-- Docs: https://docs.pytest.org/en/stable/how-to/capture-warnings.html
=========================== short test summary info ===========================
ERROR test_api_output.txt - UnicodeDecodeError: 'utf-8' codec can't decode by...
ERROR tests/test_output.txt - UnicodeDecodeError: 'utf-8' codec can't decode ...
ERROR tests/test_output_trace.txt - UnicodeDecodeError: 'utf-8' codec can't d...
!!!!!!!!!!!!!!!!!!! Interrupted: 3 errors during collection !!!!!!!!!!!!!!!!!!!
======================== 7 warnings, 3 errors in 2.00s ========================
